2024-05-10 08:50:42 +1000    6901 execution.flow     INFO     Start executing nodes in thread pool mode.
2024-05-10 08:50:42 +1000    6901 execution.flow     INFO     Start to run 7 nodes with concurrency level 16.
2024-05-10 08:50:42 +1000    6901 execution.flow     INFO     Executing node sql_query_store. node run id: 1ecdb202-3cc4-48d4-a17a-bf86374dd627_sql_query_store_0
2024-05-10 08:50:42 +1000    6901 execution.flow     INFO     Executing node get_customer. node run id: 1ecdb202-3cc4-48d4-a17a-bf86374dd627_get_customer_0
2024-05-10 08:50:42 +1000    6901 execution.flow     INFO     Node sql_query_store completes.
2024-05-10 08:50:42 +1000    6901 execution.flow     INFO     Executing node get_product. node run id: 1ecdb202-3cc4-48d4-a17a-bf86374dd627_get_product_0
2024-05-10 08:50:48 +1000    6901 execution.flow     INFO     Node get_customer completes.
2024-05-10 08:50:48 +1000    6901 execution.flow     INFO     Executing node get_past_orders. node run id: 1ecdb202-3cc4-48d4-a17a-bf86374dd627_get_past_orders_0
2024-05-10 08:50:49 +1000    6901 execution.flow     INFO     Node get_past_orders completes.
2024-05-10 08:50:49 +1000    6901 execution.flow     INFO     Node get_product completes.
2024-05-10 08:50:49 +1000    6901 execution.flow     INFO     Executing node get_sales_stat. node run id: 1ecdb202-3cc4-48d4-a17a-bf86374dd627_get_sales_stat_0
2024-05-10 08:50:55 +1000    6901 execution.flow     INFO     Node get_sales_stat completes.
2024-05-10 08:50:55 +1000    6901 execution.flow     INFO     Executing node get_retrieved_documents. node run id: 1ecdb202-3cc4-48d4-a17a-bf86374dd627_get_retrieved_documents_0
2024-05-10 08:50:55 +1000    6901 execution.flow     INFO     Executing node chat. node run id: 1ecdb202-3cc4-48d4-a17a-bf86374dd627_chat_0
2024-05-10 08:50:55 +1000    6901 execution.flow     INFO     Node get_retrieved_documents completes.
2024-05-10 08:50:57 +1000    6901 execution.flow     WARNING  Output of chat is not json serializable, use str to store it.
2024-05-10 08:50:57 +1000    6901 execution.flow     INFO     Node chat completes.
2024-05-10 08:50:57 +1000    6901 execution.flow     WARNING  Failed to serialize inputs or output for flow run because of cannot pickle 'generator' object.The inputs and output field in api_calls will be None.
2024-05-10 08:51:59 +1000    6901 execution.flow     INFO     Start executing nodes in thread pool mode.
2024-05-10 08:51:59 +1000    6901 execution.flow     INFO     Start to run 7 nodes with concurrency level 16.
2024-05-10 08:51:59 +1000    6901 execution.flow     INFO     Executing node sql_query_store. node run id: 8a483d5a-0963-43ac-9177-5994ece81f96_sql_query_store_0
2024-05-10 08:51:59 +1000    6901 execution.flow     INFO     Node sql_query_store completes.
2024-05-10 08:51:59 +1000    6901 execution.flow     INFO     Executing node get_customer. node run id: 8a483d5a-0963-43ac-9177-5994ece81f96_get_customer_0
2024-05-10 08:51:59 +1000    6901 execution.flow     INFO     Executing node get_product. node run id: 8a483d5a-0963-43ac-9177-5994ece81f96_get_product_0
2024-05-10 08:51:59 +1000    6901 execution.flow     INFO     Node get_customer completes.
2024-05-10 08:51:59 +1000    6901 execution.flow     INFO     Executing node get_past_orders. node run id: 8a483d5a-0963-43ac-9177-5994ece81f96_get_past_orders_0
2024-05-10 08:52:00 +1000    6901 execution.flow     INFO     Node get_past_orders completes.
2024-05-10 08:52:00 +1000    6901 execution.flow     INFO     Node get_product completes.
2024-05-10 08:52:00 +1000    6901 execution.flow     INFO     Executing node get_sales_stat. node run id: 8a483d5a-0963-43ac-9177-5994ece81f96_get_sales_stat_0
2024-05-10 08:52:01 +1000    6901 execution.flow     INFO     Node get_sales_stat completes.
2024-05-10 08:52:01 +1000    6901 execution.flow     INFO     Executing node get_retrieved_documents. node run id: 8a483d5a-0963-43ac-9177-5994ece81f96_get_retrieved_documents_0
2024-05-10 08:52:01 +1000    6901 execution.flow     INFO     Executing node chat. node run id: 8a483d5a-0963-43ac-9177-5994ece81f96_chat_0
2024-05-10 08:52:01 +1000    6901 execution.flow     INFO     Node get_retrieved_documents completes.
2024-05-10 08:52:02 +1000    6901 execution.flow     WARNING  Output of chat is not json serializable, use str to store it.
2024-05-10 08:52:02 +1000    6901 execution.flow     INFO     Node chat completes.
2024-05-10 08:52:02 +1000    6901 execution.flow     WARNING  Failed to serialize inputs or output for flow run because of cannot pickle 'generator' object.The inputs and output field in api_calls will be None.
2024-05-10 08:53:44 +1000    6901 execution.flow     INFO     Start executing nodes in thread pool mode.
2024-05-10 08:53:44 +1000    6901 execution.flow     INFO     Start to run 7 nodes with concurrency level 16.
2024-05-10 08:53:44 +1000    6901 execution.flow     INFO     Executing node sql_query_store. node run id: f2e76b05-0a77-4d63-8e5f-8b623293d9ad_sql_query_store_0
2024-05-10 08:53:44 +1000    6901 execution.flow     INFO     Node sql_query_store completes.
2024-05-10 08:53:44 +1000    6901 execution.flow     INFO     Executing node get_customer. node run id: f2e76b05-0a77-4d63-8e5f-8b623293d9ad_get_customer_0
2024-05-10 08:53:44 +1000    6901 execution.flow     INFO     Executing node get_product. node run id: f2e76b05-0a77-4d63-8e5f-8b623293d9ad_get_product_0
2024-05-10 08:53:44 +1000    6901 execution.flow     INFO     Node get_customer completes.
2024-05-10 08:53:44 +1000    6901 execution.flow     INFO     Executing node get_past_orders. node run id: f2e76b05-0a77-4d63-8e5f-8b623293d9ad_get_past_orders_0
2024-05-10 08:53:44 +1000    6901 execution.flow     INFO     Node get_past_orders completes.
2024-05-10 08:53:45 +1000    6901 execution.flow     INFO     Node get_product completes.
2024-05-10 08:53:45 +1000    6901 execution.flow     INFO     Executing node get_sales_stat. node run id: f2e76b05-0a77-4d63-8e5f-8b623293d9ad_get_sales_stat_0
2024-05-10 08:53:45 +1000    6901 execution.flow     INFO     Node get_sales_stat completes.
2024-05-10 08:53:45 +1000    6901 execution.flow     INFO     Executing node get_retrieved_documents. node run id: f2e76b05-0a77-4d63-8e5f-8b623293d9ad_get_retrieved_documents_0
2024-05-10 08:53:45 +1000    6901 execution.flow     INFO     Executing node chat. node run id: f2e76b05-0a77-4d63-8e5f-8b623293d9ad_chat_0
2024-05-10 08:53:45 +1000    6901 execution.flow     INFO     Node get_retrieved_documents completes.
2024-05-10 08:53:47 +1000    6901 execution.flow     WARNING  Output of chat is not json serializable, use str to store it.
2024-05-10 08:53:47 +1000    6901 execution.flow     INFO     Node chat completes.
2024-05-10 08:53:47 +1000    6901 execution.flow     WARNING  Failed to serialize inputs or output for flow run because of cannot pickle 'generator' object.The inputs and output field in api_calls will be None.
